[debug] ----------------------------------------------------------------------
[debug] Command:      /Users/samschickler/.nvm/versions/node/v5.11.1/bin/node /Users/samschickler/.nvm/versions/node/v5.11.1/bin/firebase deploy
[debug] CLI Version:  3.0.4
[debug] Platform:     darwin
[debug] Node Version: v5.11.1
[debug] Time:         Sat Aug 06 2016 10:57:27 GMT-0700 (PDT)
[debug] ----------------------------------------------------------------------
[debug] 
[debug] > command requires scopes: ["email","openid","https://www.googleapis.com/auth/cloudplatformprojects.readonly","https://www.googleapis.com/auth/firebase"]
[debug] >>> HTTP REQUEST GET https://admin.firebase.com/v1/projects/sparkschool-3988d 
[debug] <<< HTTP RESPONSE 200
[debug] >>> HTTP REQUEST GET https://admin.firebase.com/v1/database/sparkschool-3988d/tokens 
[debug] <<< HTTP RESPONSE 200
[info] 
[info] === Deploying to 'sparkschool-3988d'...
[info] 
[info] i  deploying database, hosting
[info] ✔  database: rules ready to deploy.
[info] i  hosting: preparing app/ directory for upload...
[debug] >>> HTTP REQUEST PUT https://deploy.firebase.com/v1/hosting/sparkschool-3988d/uploads/-KOW-ANsDLfDoZRTSPvV?fileCount=1095&message= 
